<?xml version="1.0" encoding="UTF-8"?>
<!-- Generated by org.testng.reporters.JUnitReportReporter -->
<testsuite hostname="Priya" name="org.test.Test1" tests="10" failures="0" timestamp="27 Jul 2022 05:29:29 GMT" time="0.261" errors="0">
  <testcase name="test5" time="0.005" classname="org.test.Test1"/>
  <testcase name="test2" time="0.006" classname="org.test.Test1"/>
  <testcase name="test2" time="0.010" classname="org.test.Test1"/>
  <testcase name="test3" time="0.003" classname="org.test.Test1"/>
  <testcase name="test2" time="0.003" classname="org.test.Test1"/>
  <testcase name="test4" time="0.110" classname="org.test.Test1"/>
  <testcase name="test1" time="0.100" classname="org.test.Test1"/>
  <testcase name="test6" time="0.014" classname="org.test.Test1"/>
  <testcase name="test2" time="0.004" classname="org.test.Test1"/>
  <testcase name="test2" time="0.006" classname="org.test.Test1"/>
</testsuite> <!-- org.test.Test1 -->
